<?xml version="1.0" encoding="UTF-8"?>
<!-- Generated by org.testng.reporters.JUnitXMLReporter -->
<testsuite ignored="0" hostname="LIN80024688" failures="0" tests="4" name="Default test" time="0.049" errors="0" timestamp="20 Jun 2022 05:06:26 GMT">
  <testcase classname="com.testng.TestAnnotationOrder" name="test3" time="0.007"/>
  <testcase classname="com.testng.TestAnnotationOrder" name="test4" time="0.002"/>
  <testcase classname="com.testng.TestAnnotationOrder" name="test2" time="0.001"/>
  <testcase classname="com.testng.TestAnnotationOrder" name="testannotations" time="0.001"/>
</testsuite> <!-- Default test -->
