<?xml version="1.0" encoding="UTF-8"?>
<testng-results ignored="0" total="4" passed="4" failed="0" skipped="0">
  <reporter-output>
  </reporter-output>
  <suite started-at="2022-06-20T05:06:26Z" name="Default suite" finished-at="2022-06-20T05:06:26Z" duration-ms="49">
    <groups>
    </groups>
    <test started-at="2022-06-20T05:06:26Z" name="Default test" finished-at="2022-06-20T05:06:26Z" duration-ms="49">
      <class name="com.testng.TestAnnotationOrder">
        <test-method is-config="true" signature="beforesuite()[pri:0, instance:com.testng.TestAnnotationOrder@18271936]" started-at="2022-06-20T10:36:26Z" name="beforesuite" finished-at="2022-06-20T10:36:26Z" duration-ms="11" status="PASS">
          <reporter-output>
          </reporter-output>
        </test-method> <!-- beforesuite -->
        <test-method is-config="true" signature="beforesuite2()[pri:0, instance:com.testng.TestAnnotationOrder@18271936]" started-at="2022-06-20T10:36:26Z" name="beforesuite2" finished-at="2022-06-20T10:36:26Z" duration-ms="0" status="PASS">
          <reporter-output>
          </reporter-output>
        </test-method> <!-- beforesuite2 -->
        <test-method is-config="true" signature="beforetest()[pri:0, instance:com.testng.TestAnnotationOrder@18271936]" started-at="2022-06-20T10:36:26Z" name="beforetest" finished-at="2022-06-20T10:36:26Z" duration-ms="0" status="PASS">
          <reporter-output>
          </reporter-output>
        </test-method> <!-- beforetest -->
        <test-method is-config="true" signature="bforeclass()[pri:0, instance:com.testng.TestAnnotationOrder@18271936]" started-at="2022-06-20T10:36:26Z" name="bforeclass" finished-at="2022-06-20T10:36:26Z" duration-ms="0" status="PASS">
          <reporter-output>
          </reporter-output>
        </test-method> <!-- bforeclass -->
        <test-method is-config="true" signature="beforeclass()[pri:0, instance:com.testng.TestAnnotationOrder@18271936]" started-at="2022-06-20T10:36:26Z" name="beforeclass" finished-at="2022-06-20T10:36:26Z" duration-ms="0" status="PASS">
          <reporter-output>
          </reporter-output>
        </test-method> <!-- beforeclass -->
        <test-method is-config="true" signature="beforemethod()[pri:0, instance:com.testng.TestAnnotationOrder@18271936]" started-at="2022-06-20T10:36:26Z" name="beforemethod" finished-at="2022-06-20T10:36:26Z" duration-ms="0" status="PASS">
          <reporter-output>
          </reporter-output>
        </test-method> <!-- beforemethod -->
        <test-method signature="test3()[pri:1, instance:com.testng.TestAnnotationOrder@18271936]" started-at="2022-06-20T10:36:26Z" name="test3" finished-at="2022-06-20T10:36:26Z" duration-ms="7" status="PASS">
          <reporter-output>
          </reporter-output>
        </test-method> <!-- test3 -->
        <test-method is-config="true" signature="afteMethod()[pri:0, instance:com.testng.TestAnnotationOrder@18271936]" started-at="2022-06-20T10:36:26Z" name="afteMethod" finished-at="2022-06-20T10:36:26Z" duration-ms="0" status="PASS">
          <reporter-output>
          </reporter-output>
        </test-method> <!-- afteMethod -->
        <test-method is-config="true" signature="beforemethod()[pri:0, instance:com.testng.TestAnnotationOrder@18271936]" started-at="2022-06-20T10:36:26Z" name="beforemethod" finished-at="2022-06-20T10:36:26Z" duration-ms="0" status="PASS">
          <reporter-output>
          </reporter-output>
        </test-method> <!-- beforemethod -->
        <test-method signature="test4()[pri:1, instance:com.testng.TestAnnotationOrder@18271936]" started-at="2022-06-20T10:36:26Z" name="test4" finished-at="2022-06-20T10:36:26Z" duration-ms="2" status="PASS">
          <reporter-output>
          </reporter-output>
        </test-method> <!-- test4 -->
        <test-method is-config="true" signature="afteMethod()[pri:0, instance:com.testng.TestAnnotationOrder@18271936]" started-at="2022-06-20T10:36:26Z" name="afteMethod" finished-at="2022-06-20T10:36:26Z" duration-ms="0" status="PASS">
          <reporter-output>
          </reporter-output>
        </test-method> <!-- afteMethod -->
        <test-method is-config="true" signature="beforemethod()[pri:0, instance:com.testng.TestAnnotationOrder@18271936]" started-at="2022-06-20T10:36:26Z" name="beforemethod" finished-at="2022-06-20T10:36:26Z" duration-ms="1" status="PASS">
          <reporter-output>
          </reporter-output>
        </test-method> <!-- beforemethod -->
        <test-method signature="test2()[pri:2, instance:com.testng.TestAnnotationOrder@18271936]" started-at="2022-06-20T10:36:26Z" name="test2" finished-at="2022-06-20T10:36:26Z" duration-ms="1" status="PASS">
          <reporter-output>
          </reporter-output>
        </test-method> <!-- test2 -->
        <test-method is-config="true" signature="afteMethod()[pri:0, instance:com.testng.TestAnnotationOrder@18271936]" started-at="2022-06-20T10:36:26Z" name="afteMethod" finished-at="2022-06-20T10:36:26Z" duration-ms="0" status="PASS">
          <reporter-output>
          </reporter-output>
        </test-method> <!-- afteMethod -->
        <test-method is-config="true" signature="beforemethod()[pri:0, instance:com.testng.TestAnnotationOrder@18271936]" started-at="2022-06-20T10:36:26Z" name="beforemethod" finished-at="2022-06-20T10:36:26Z" duration-ms="0" status="PASS">
          <reporter-output>
          </reporter-output>
        </test-method> <!-- beforemethod -->
        <test-method signature="testannotations()[pri:2, instance:com.testng.TestAnnotationOrder@18271936]" started-at="2022-06-20T10:36:26Z" name="testannotations" finished-at="2022-06-20T10:36:26Z" duration-ms="1" status="PASS">
          <reporter-output>
          </reporter-output>
        </test-method> <!-- testannotations -->
        <test-method is-config="true" signature="afteMethod()[pri:0, instance:com.testng.TestAnnotationOrder@18271936]" started-at="2022-06-20T10:36:26Z" name="afteMethod" finished-at="2022-06-20T10:36:26Z" duration-ms="0" status="PASS">
          <reporter-output>
          </reporter-output>
        </test-method> <!-- afteMethod -->
        <test-method is-config="true" signature="afterclass()[pri:0, instance:com.testng.TestAnnotationOrder@18271936]" started-at="2022-06-20T10:36:26Z" name="afterclass" finished-at="2022-06-20T10:36:26Z" duration-ms="1" status="PASS">
          <reporter-output>
          </reporter-output>
        </test-method> <!-- afterclass -->
        <test-method is-config="true" signature="afterTest()[pri:0, instance:com.testng.TestAnnotationOrder@18271936]" started-at="2022-06-20T10:36:26Z" name="afterTest" finished-at="2022-06-20T10:36:26Z" duration-ms="0" status="PASS">
          <reporter-output>
          </reporter-output>
        </test-method> <!-- afterTest -->
        <test-method is-config="true" signature="aftersuite()[pri:0, instance:com.testng.TestAnnotationOrder@18271936]" started-at="2022-06-20T10:36:26Z" name="aftersuite" finished-at="2022-06-20T10:36:26Z" duration-ms="1" status="PASS">
          <reporter-output>
          </reporter-output>
        </test-method> <!-- aftersuite -->
        <test-method is-config="true" signature="aftersuite1()[pri:0, instance:com.testng.TestAnnotationOrder@18271936]" started-at="2022-06-20T10:36:26Z" name="aftersuite1" finished-at="2022-06-20T10:36:26Z" duration-ms="0" status="PASS">
          <reporter-output>
          </reporter-output>
        </test-method> <!-- aftersuite1 -->
      </class> <!-- com.testng.TestAnnotationOrder -->
    </test> <!-- Default test -->
  </suite> <!-- Default suite -->
</testng-results>
